<?xml version="1.0" encoding="UTF-8"?>
<!-- Generated by org.testng.reporters.JUnitReportReporter -->
<testsuite hostname="dayalan-Latitude-E6430" failures="0" tests="3" name="TVT.TVT.Api" time="7.388" errors="0" timestamp="2023-06-15T00:46:43 IST" skipped="2">
  <testcase classname="TVT.TVT.Api" name="getRequest" time="7.388"/>
  <system-out/>
  <testcase classname="TVT.TVT.Api" name="requestTestng">
    <skipped/>
  </testcase> <!-- requestTestng -->
  <system-out/>
  <testcase classname="TVT.TVT.Api" name="deleteRequest">
    <skipped/>
  </testcase> <!-- deleteRequest -->
  <system-out/>
</testsuite> <!-- TVT.TVT.Api -->
